#
# A fatal error has been detected by the Java Runtime Environment:
#
#  SIGSEGV (0xb) at pc=0x00007fbee4e52d10, pid=550848, tid=550849
#
# JRE version: OpenJDK Runtime Environment JBR-17.0.8.1+7-1000.32-jcef (17.0.8.1+7) (build 17.0.8.1+7-b1000.32)
# Java VM: OpenJDK 64-Bit Server VM JBR-17.0.8.1+7-1000.32-jcef (17.0.8.1+7-b1000.32, mixed mode, tiered, compressed oops, compressed class ptrs, g1 gc, linux-amd64)
# Problematic frame:
# V  [libjvm.so+0x591d10]  AccessInternal::PostRuntimeDispatch<G1BarrierSet::AccessBarrier<594020ul, G1BarrierSet>, (AccessInternal::BarrierType)2, 594020ul>::oop_access_barrier(void*)+0x0
#
# No core dump will be written. Core dumps have been disabled. To enable core dumping, try "ulimit -c unlimited" before starting Java again
#
# If you would like to submit a bug report, please visit:
#   https://youtrack.jetbrains.com/issues/JBR
#

---------------  S U M M A R Y ------------

Command Line: git4idea.http.GitAskPassApp Username for 'https://github.com': 

Host: AMD Ryzen 5 5600G with Radeon Graphics, 12 cores, 30G, Zorin OS 16.3
Time: Mon Oct 30 00:19:04 2023 EDT elapsed time: 0.085050 seconds (0d 0h 0m 0s)

---------------  T H R E A D  ---------------

Current thread (0x00007fbee0025fc0):  JavaThread "main" [_thread_in_vm, id=550849, stack(0x00007fbee4667000,0x00007fbee4768000)]

Stack: [0x00007fbee4667000,0x00007fbee4768000],  sp=0x00007fbee4765a88,  free space=1018k
Native frames: (J=compiled Java code, j=interpreted, Vv=VM code, C=native code)
V  [libjvm.so+0x591d10]  AccessInternal::PostRuntimeDispatch<G1BarrierSet::AccessBarrier<594020ul, G1BarrierSet>, (AccessInternal::BarrierType)2, 594020ul>::oop_access_barrier(void*)+0x0
V  [libjvm.so+0xdb02ac]  StringTable::intern(Handle, unsigned short const*, int, JavaThread*)+0x16c
V  [libjvm.so+0xdb0361]  StringTable::intern(Symbol*, JavaThread*)+0x51
V  [libjvm.so+0x5ff26b]  ConstantPool::string_at_impl(constantPoolHandle const&, int, int, JavaThread*)+0xab
V  [libjvm.so+0x6032f1]  ConstantPool::resolve_constant_at_impl(constantPoolHandle const&, int, int, bool*, JavaThread*)+0x611
V  [libjvm.so+0x45195f]  Bytecode_loadconstant::resolve_constant(JavaThread*) const+0xbf
V  [libjvm.so+0x82892e]  InterpreterRuntime::resolve_ldc(JavaThread*, Bytecodes::Code)+0x31e
j  jdk.internal.module.ModuleLoaderMap$Modules.<clinit>()V+289 java.base@17.0.8.1
v  ~StubRoutines::call_stub
V  [libjvm.so+0x82e7a5]  JavaCalls::call_helper(JavaValue*, methodHandle const&, JavaCallArguments*, JavaThread*)+0x315
V  [libjvm.so+0x80d6de]  InstanceKlass::call_class_initializer(JavaThread*)+0x23e
V  [libjvm.so+0x80fc45]  InstanceKlass::initialize_impl(JavaThread*)+0x545
V  [libjvm.so+0xa9606f]  LinkResolver::resolve_field(fieldDescriptor&, LinkInfo const&, Bytecodes::Code, bool, JavaThread*)+0x1bf
V  [libjvm.so+0xa9688b]  LinkResolver::resolve_field_access(fieldDescriptor&, constantPoolHandle const&, int, methodHandle const&, Bytecodes::Code, JavaThread*)+0xeb
V  [libjvm.so+0x8291a8]  InterpreterRuntime::resolve_get_put(JavaThread*, Bytecodes::Code)+0x168
V  [libjvm.so+0x829c85]  InterpreterRuntime::resolve_from_cache(JavaThread*, Bytecodes::Code)+0x195
j  jdk.internal.module.ModuleLoaderMap$Mapper.<init>(Ljava/lang/module/Configuration;)V+49 java.base@17.0.8.1
j  jdk.internal.module.ModuleLoaderMap.mappingFunction(Ljava/lang/module/Configuration;)Ljava/util/function/Function;+5 java.base@17.0.8.1
j  jdk.internal.module.ModuleBootstrap.boot2()Ljava/lang/ModuleLayer;+1002 java.base@17.0.8.1
j  jdk.internal.module.ModuleBootstrap.boot()Ljava/lang/ModuleLayer;+64 java.base@17.0.8.1
j  java.lang.System.initPhase2(ZZ)I+0 java.base@17.0.8.1
v  ~StubRoutines::call_stub
V  [libjvm.so+0x82e7a5]  JavaCalls::call_helper(JavaValue*, methodHandle const&, JavaCallArguments*, JavaThread*)+0x315
V  [libjvm.so+0x82eb4c]  JavaCalls::call_static(JavaValue*, Klass*, Symbol*, Symbol*, JavaCallArguments*, JavaThread*)+0x10c
V  [libjvm.so+0xe6fa4d]  Threads::create_vm(JavaVMInitArgs*, bool*)+0x85d
V  [libjvm.so+0x8cc141]  JNI_CreateJavaVM+0x51
C  [libjli.so+0x3a1f]  JavaMain+0x8f
C  [libjli.so+0x7d79]  ThreadJavaMain+0x9

Java frames: (J=compiled Java code, j=interpreted, Vv=VM code)
j  jdk.internal.module.ModuleLoaderMap$Modules.<clinit>()V+289 java.base@17.0.8.1
v  ~StubRoutines::call_stub
j  jdk.internal.module.ModuleLoaderMap$Mapper.<init>(Ljava/lang/module/Configuration;)V+49 java.base@17.0.8.1
j  jdk.internal.module.ModuleLoaderMap.mappingFunction(Ljava/lang/module/Configuration;)Ljava/util/function/Function;+5 java.base@17.0.8.1
j  jdk.internal.module.ModuleBootstrap.boot2()Ljava/lang/ModuleLayer;+1002 java.base@17.0.8.1
j  jdk.internal.module.ModuleBootstrap.boot()Ljava/lang/ModuleLayer;+64 java.base@17.0.8.1
j  java.lang.System.initPhase2(ZZ)I+0 java.base@17.0.8.1
v  ~StubRoutines::call_stub

siginfo: si_signo: 11 (SIGSEGV), si_code: 1 (SEGV_MAPERR), si_addr: 0x00007fbe60226ca0

Register to memory mapping:

RAX=0x00007fbeabe24380 points into unknown readable memory: 0x00007fbee02273d0 | d0 73 22 e0 be 7f 00 00
RBX=0x0000000000000001 is an unknown value
RCX=0x00007fbee0136e30 points into unknown readable memory: 0x0000000000000000 | 00 00 00 00 00 00 00 00
RDX=0x0 is NULL
RSP=0x00007fbee4765a88 is pointing into the stack for thread: 0x00007fbee0025fc0
RBP=0x00007fbee4765af0 is pointing into the stack for thread: 0x00007fbee0025fc0
RSI=0x0000000000000040 is an unknown value
RDI=0x00007fbe60226ca0 is an unknown value
R8 =0x0000564885079370 points into unknown readable memory: 0x0000000000000002 | 02 00 00 00 00 00 00 00
R9 =0x0000564885079370 points into unknown readable memory: 0x0000000000000002 | 02 00 00 00 00 00 00 00
R10=0x000000000000000a is an unknown value
R11=0x0 is NULL
R12=0x00007fbee0025fc0 is a thread
R13=0x00007fbe60226ca0 is an unknown value
R14=0x000000000000000b is an unknown value
R15=0x00007fbee02273d0 points into unknown readable memory: 0x00007fbee0224920 | 20 49 22 e0 be 7f 00 00


Registers:
RAX=0x00007fbeabe24380, RBX=0x0000000000000001, RCX=0x00007fbee0136e30, RDX=0x0000000000000000
RSP=0x00007fbee4765a88, RBP=0x00007fbee4765af0, RSI=0x0000000000000040, RDI=0x00007fbe60226ca0
R8 =0x0000564885079370, R9 =0x0000564885079370, R10=0x000000000000000a, R11=0x0000000000000000
R12=0x00007fbee0025fc0, R13=0x00007fbe60226ca0, R14=0x000000000000000b, R15=0x00007fbee02273d0
RIP=0x00007fbee4e52d10, EFLAGS=0x0000000000010202, CSGSFS=0x002b000000000033, ERR=0x0000000000000004
  TRAPNO=0x000000000000000e

Top of Stack: (sp=0x00007fbee4765a88)
0x00007fbee4765a88:   00007fbee56705e1 00007fbee0136e30
0x00007fbee4765a98:   0000000000000000 00007fbee0026c30
0x00007fbee4765aa8:   00007fbee0136e30 00007fbe7c032776
0x00007fbee4765ab8:   0000000000000000 00000000000003d8 

Instructions: (pc=0x00007fbee4e52d10)
0x00007fbee4e52c10:   00 ff e0 0f 1f 44 00 00 48 83 40 10 01 eb e3 90
0x00007fbee4e52c20:   31 c0 c3 66 2e 0f 1f 84 00 00 00 00 00 0f 1f 00
0x00007fbee4e52c30:   48 8b 07 c3 66 2e 0f 1f 84 00 00 00 00 00 66 90
0x00007fbee4e52c40:   48 8b 07 c3 66 2e 0f 1f 84 00 00 00 00 00 66 90
0x00007fbee4e52c50:   48 8b 07 c3 66 2e 0f 1f 84 00 00 00 00 00 66 90
0x00007fbee4e52c60:   48 8b 07 c3 66 2e 0f 1f 84 00 00 00 00 00 66 90
0x00007fbee4e52c70:   48 8b 07 c3 66 2e 0f 1f 84 00 00 00 00 00 66 90
0x00007fbee4e52c80:   48 8b 07 c3 66 2e 0f 1f 84 00 00 00 00 00 66 90
0x00007fbee4e52c90:   48 89 37 c3 66 2e 0f 1f 84 00 00 00 00 00 66 90
0x00007fbee4e52ca0:   48 89 37 c3 66 2e 0f 1f 84 00 00 00 00 00 66 90
0x00007fbee4e52cb0:   48 89 37 c3 66 2e 0f 1f 84 00 00 00 00 00 66 90
0x00007fbee4e52cc0:   48 89 37 c3 66 2e 0f 1f 84 00 00 00 00 00 66 90
0x00007fbee4e52cd0:   48 89 37 c3 66 2e 0f 1f 84 00 00 00 00 00 66 90
0x00007fbee4e52ce0:   48 89 37 c3 66 2e 0f 1f 84 00 00 00 00 00 66 90
0x00007fbee4e52cf0:   48 8b 07 c3 66 2e 0f 1f 84 00 00 00 00 00 66 90
0x00007fbee4e52d00:   48 8b 07 c3 66 2e 0f 1f 84 00 00 00 00 00 66 90
0x00007fbee4e52d10:   48 8b 07 c3 66 2e 0f 1f 84 00 00 00 00 00 66 90
0x00007fbee4e52d20:   48 8b 07 c3 66 2e 0f 1f 84 00 00 00 00 00 66 90
0x00007fbee4e52d30:   48 8b 07 c3 66 2e 0f 1f 84 00 00 00 00 00 66 90
0x00007fbee4e52d40:   48 8b 07 c3 66 2e 0f 1f 84 00 00 00 00 00 66 90
0x00007fbee4e52d50:   48 89 37 c3 66 2e 0f 1f 84 00 00 00 00 00 66 90
0x00007fbee4e52d60:   48 89 37 c3 66 2e 0f 1f 84 00 00 00 00 00 66 90
0x00007fbee4e52d70:   48 89 37 c3 66 2e 0f 1f 84 00 00 00 00 00 66 90
0x00007fbee4e52d80:   48 89 37 c3 66 2e 0f 1f 84 00 00 00 00 00 66 90
0x00007fbee4e52d90:   48 89 37 c3 66 2e 0f 1f 84 00 00 00 00 00 66 90
0x00007fbee4e52da0:   48 89 37 c3 66 2e 0f 1f 84 00 00 00 00 00 66 90
0x00007fbee4e52db0:   48 89 37 c3 66 2e 0f 1f 84 00 00 00 00 00 66 90
0x00007fbee4e52dc0:   48 89 37 c3 66 2e 0f 1f 84 00 00 00 00 00 66 90
0x00007fbee4e52dd0:   48 89 37 c3 66 2e 0f 1f 84 00 00 00 00 00 66 90
0x00007fbee4e52de0:   48 89 37 c3 66 2e 0f 1f 84 00 00 00 00 00 66 90
0x00007fbee4e52df0:   48 89 37 c3 66 2e 0f 1f 84 00 00 00 00 00 66 90
0x00007fbee4e52e00:   48 89 37 c3 66 2e 0f 1f 84 00 00 00 00 00 66 90 


Stack slot to memory mapping:
stack at sp + 0 slots: 0x00007fbee56705e1: <offset 0x0000000000daf5e1> in /snap/intellij-idea-community/463/jbr/lib/server/libjvm.so at 0x00007fbee48c1000
stack at sp + 1 slots: 0x00007fbee0136e30 points into unknown readable memory: 0x0000000000000000 | 00 00 00 00 00 00 00 00
stack at sp + 2 slots: 0x0 is NULL
stack at sp + 3 slots: 0x00007fbee0026c30 points into unknown readable memory: 0x002e006b0064006a | 6a 00 64 00 6b 00 2e 00
stack at sp + 4 slots: 0x00007fbee0136e30 points into unknown readable memory: 0x0000000000000000 | 00 00 00 00 00 00 00 00
stack at sp + 5 slots: 0x00007fbe7c032776 points into unknown readable memory: 6a 64
stack at sp + 6 slots: 0x0 is NULL
stack at sp + 7 slots: 0x00000000000003d8 is an unknown value


---------------  P R O C E S S  ---------------

Threads class SMR info:
_java_thread_list=0x00007fbee01e29f0, length=9, elements={
0x00007fbee0025fc0, 0x00007fbee01b7e40, 0x00007fbee01b94a0, 0x00007fbee01e9690,
0x00007fbee01eaa50, 0x00007fbee01ebe70, 0x00007fbee01decc0, 0x00007fbee01e01b0,
0x00007fbee01e1630
}

Java Threads: ( => current thread )
=>0x00007fbee0025fc0 JavaThread "main" [_thread_in_vm, id=550849, stack(0x00007fbee4667000,0x00007fbee4768000)]
  0x00007fbee01b7e40 JavaThread "Reference Handler" daemon [_thread_blocked, id=550856, stack(0x00007fbeabb05000,0x00007fbeabc06000)]
  0x00007fbee01b94a0 JavaThread "Finalizer" daemon [_thread_blocked, id=550857, stack(0x00007fbeaba04000,0x00007fbeabb05000)]
  0x00007fbee01e9690 JavaThread "Signal Dispatcher" daemon [_thread_blocked, id=550858, stack(0x00007fbeab393000,0x00007fbeab494000)]
  0x00007fbee01eaa50 JavaThread "Service Thread" daemon [_thread_blocked, id=550859, stack(0x00007fbeab292000,0x00007fbeab393000)]
  0x00007fbee01ebe70 JavaThread "Monitor Deflation Thread" daemon [_thread_blocked, id=550860, stack(0x00007fbeab191000,0x00007fbeab292000)]
  0x00007fbee01decc0 JavaThread "C2 CompilerThread0" daemon [_thread_blocked, id=550861, stack(0x00007fbeab090000,0x00007fbeab191000)]
  0x00007fbee01e01b0 JavaThread "C1 CompilerThread0" daemon [_thread_blocked, id=550862, stack(0x00007fbeaaf8f000,0x00007fbeab090000)]
  0x00007fbee01e1630 JavaThread "Sweeper thread" daemon [_thread_blocked, id=550863, stack(0x00007fbeaae8e000,0x00007fbeaaf8f000)]

Other Threads:
  0x00007fbee01a81b0 VMThread "VM Thread" [stack: 0x00007fbeabc08000,0x00007fbeabd08000] [id=550855]
  0x00007fbee0053b00 GCTaskThread "GC Thread#0" [stack: 0x00007fbebad58000,0x00007fbebae58000] [id=550850]
  0x00007fbee0064650 ConcurrentGCThread "G1 Main Marker" [stack: 0x00007fbebac56000,0x00007fbebad56000] [id=550851]
  0x00007fbee00655c0 ConcurrentGCThread "G1 Conc#0" [stack: 0x00007fbebab54000,0x00007fbebac54000] [id=550852]
  0x00007fbee0120db0 ConcurrentGCThread "G1 Refine#0" [stack: 0x00007fbeb8048000,0x00007fbeb8148000] [id=550853]
  0x00007fbee0121ca0 ConcurrentGCThread "G1 Service" [stack: 0x00007fbeabf00000,0x00007fbeac000000] [id=550854]

Threads with active compile tasks:

VM state: not at safepoint (normal execution)

VM Mutex/Monitor currently owned by a thread: None

Heap address: 0x0000000615800000, size: 7848 MB, Compressed Oops mode: Zero based, Oop shift amount: 3

CDS archive(s) not mapped
Compressed class space mapped at: 0x0000000800000000-0x0000000840000000, reserved size: 1073741824
Narrow klass base: 0x0000000800000000, Narrow klass shift: 0, Narrow klass range: 0x40000000

GC Precious Log:
 CPUs: 12 total, 12 available
 Memory: 31376M
 Large Page Support: Disabled
 NUMA Support: Disabled
 Compressed Oops: Enabled (Zero based)
 Heap Region Size: 4M
 Heap Min Capacity: 8M
 Heap Initial Capacity: 492M
 Heap Max Capacity: 7848M
 Pre-touch: Disabled
 Parallel Workers: 10
 Concurrent Workers: 3
 Concurrent Refinement Workers: 10
 Periodic GC: Disabled

Heap:
 garbage-first heap   total 503808K, used 0K [0x0000000615800000, 0x0000000800000000)
  region size 4096K, 1 young (4096K), 0 survivors (0K)
 Metaspace       used 3409K, committed 3520K, reserved 1114112K
  class space    used 273K, committed 320K, reserved 1048576K

Heap Regions: E=young(eden), S=young(survivor), O=old, HS=humongous(starts), HC=humongous(continues), CS=collection set, F=free, OA=open archive, CA=closed archive, TAMS=top-at-mark-start (previous, next)
|   0|0x0000000615800000, 0x0000000615800000, 0x0000000615c00000|  0%| F|  |TAMS 0x0000000615800000, 0x0000000615800000| Untracked 
|   1|0x0000000615c00000, 0x0000000615c00000, 0x0000000616000000|  0%| F|  |TAMS 0x0000000615c00000, 0x0000000615c00000| Untracked 
|   2|0x0000000616000000, 0x0000000616000000, 0x0000000616400000|  0%| F|  |TAMS 0x0000000616000000, 0x0000000616000000| Untracked 
|   3|0x0000000616400000, 0x0000000616400000, 0x0000000616800000|  0%| F|  |TAMS 0x0000000616400000, 0x0000000616400000| Untracked 
|   4|0x0000000616800000, 0x0000000616800000, 0x0000000616c00000|  0%| F|  |TAMS 0x0000000616800000, 0x0000000616800000| Untracked 
|   5|0x0000000616c00000, 0x0000000616c00000, 0x0000000617000000|  0%| F|  |TAMS 0x0000000616c00000, 0x0000000616c00000| Untracked 
|   6|0x0000000617000000, 0x0000000617000000, 0x0000000617400000|  0%| F|  |TAMS 0x0000000617000000, 0x0000000617000000| Untracked 
|   7|0x0000000617400000, 0x0000000617400000, 0x0000000617800000|  0%| F|  |TAMS 0x0000000617400000, 0x0000000617400000| Untracked 
|   8|0x0000000617800000, 0x0000000617800000, 0x0000000617c00000|  0%| F|  |TAMS 0x0000000617800000, 0x0000000617800000| Untracked 
|   9|0x0000000617c00000, 0x0000000617c00000, 0x0000000618000000|  0%| F|  |TAMS 0x0000000617c00000, 0x0000000617c00000| Untracked 
|  10|0x0000000618000000, 0x0000000618000000, 0x0000000618400000|  0%| F|  |TAMS 0x0000000618000000, 0x0000000618000000| Untracked 
|  11|0x0000000618400000, 0x0000000618400000, 0x0000000618800000|  0%| F|  |TAMS 0x0000000618400000, 0x0000000618400000| Untracked 
|  12|0x0000000618800000, 0x0000000618800000, 0x0000000618c00000|  0%| F|  |TAMS 0x0000000618800000, 0x0000000618800000| Untracked 
|  13|0x0000000618c00000, 0x0000000618c00000, 0x0000000619000000|  0%| F|  |TAMS 0x0000000618c00000, 0x0000000618c00000| Untracked 
|  14|0x0000000619000000, 0x0000000619000000, 0x0000000619400000|  0%| F|  |TAMS 0x0000000619000000, 0x0000000619000000| Untracked 
|  15|0x0000000619400000, 0x0000000619400000, 0x0000000619800000|  0%| F|  |TAMS 0x0000000619400000, 0x0000000619400000| Untracked 
|  16|0x0000000619800000, 0x0000000619800000, 0x0000000619c00000|  0%| F|  |TAMS 0x0000000619800000, 0x0000000619800000| Untracked 
|  17|0x0000000619c00000, 0x0000000619c00000, 0x000000061a000000|  0%| F|  |TAMS 0x0000000619c00000, 0x0000000619c00000| Untracked 
|  18|0x000000061a000000, 0x000000061a000000, 0x000000061a400000|  0%| F|  |TAMS 0x000000061a000000, 0x000000061a000000| Untracked 
|  19|0x000000061a400000, 0x000000061a400000, 0x000000061a800000|  0%| F|  |TAMS 0x000000061a400000, 0x000000061a400000| Untracked 
|  20|0x000000061a800000, 0x000000061a800000, 0x000000061ac00000|  0%| F|  |TAMS 0x000000061a800000, 0x000000061a800000| Untracked 
|  21|0x000000061ac00000, 0x000000061ac00000, 0x000000061b000000|  0%| F|  |TAMS 0x000000061ac00000, 0x000000061ac00000| Untracked 
|  22|0x000000061b000000, 0x000000061b000000, 0x000000061b400000|  0%| F|  |TAMS 0x000000061b000000, 0x000000061b000000| Untracked 
|  23|0x000000061b400000, 0x000000061b400000, 0x000000061b800000|  0%| F|  |TAMS 0x000000061b400000, 0x000000061b400000| Untracked 
|  24|0x000000061b800000, 0x000000061b800000, 0x000000061bc00000|  0%| F|  |TAMS 0x000000061b800000, 0x000000061b800000| Untracked 
|  25|0x000000061bc00000, 0x000000061bc00000, 0x000000061c000000|  0%| F|  |TAMS 0x000000061bc00000, 0x000000061bc00000| Untracked 
|  26|0x000000061c000000, 0x000000061c000000, 0x000000061c400000|  0%| F|  |TAMS 0x000000061c000000, 0x000000061c000000| Untracked 
|  27|0x000000061c400000, 0x000000061c400000, 0x000000061c800000|  0%| F|  |TAMS 0x000000061c400000, 0x000000061c400000| Untracked 
|  28|0x000000061c800000, 0x000000061c800000, 0x000000061cc00000|  0%| F|  |TAMS 0x000000061c800000, 0x000000061c800000| Untracked 
|  29|0x000000061cc00000, 0x000000061cc00000, 0x000000061d000000|  0%| F|  |TAMS 0x000000061cc00000, 0x000000061cc00000| Untracked 
|  30|0x000000061d000000, 0x000000061d000000, 0x000000061d400000|  0%| F|  |TAMS 0x000000061d000000, 0x000000061d000000| Untracked 
|  31|0x000000061d400000, 0x000000061d400000, 0x000000061d800000|  0%| F|  |TAMS 0x000000061d400000, 0x000000061d400000| Untracked 
|  32|0x000000061d800000, 0x000000061d800000, 0x000000061dc00000|  0%| F|  |TAMS 0x000000061d800000, 0x000000061d800000| Untracked 
|  33|0x000000061dc00000, 0x000000061dc00000, 0x000000061e000000|  0%| F|  |TAMS 0x000000061dc00000, 0x000000061dc00000| Untracked 
|  34|0x000000061e000000, 0x000000061e000000, 0x000000061e400000|  0%| F|  |TAMS 0x000000061e000000, 0x000000061e000000| Untracked 
|  35|0x000000061e400000, 0x000000061e400000, 0x000000061e800000|  0%| F|  |TAMS 0x000000061e400000, 0x000000061e400000| Untracked 
|  36|0x000000061e800000, 0x000000061e800000, 0x000000061ec00000|  0%| F|  |TAMS 0x000000061e800000, 0x000000061e800000| Untracked 
|  37|0x000000061ec00000, 0x000000061ec00000, 0x000000061f000000|  0%| F|  |TAMS 0x000000061ec00000, 0x000000061ec00000| Untracked 
|  38|0x000000061f000000, 0x000000061f000000, 0x000000061f400000|  0%| F|  |TAMS 0x000000061f000000, 0x000000061f000000| Untracked 
|  39|0x000000061f400000, 0x000000061f400000, 0x000000061f800000|  0%| F|  |TAMS 0x000000061f400000, 0x000000061f400000| Untracked 
|  40|0x000000061f800000, 0x000000061f800000, 0x000000061fc00000|  0%| F|  |TAMS 0x000000061f800000, 0x000000061f800000| Untracked 
|  41|0x000000061fc00000, 0x000000061fc00000, 0x0000000620000000|  0%| F|  |TAMS 0x000000061fc00000, 0x000000061fc00000| Untracked 
|  42|0x0000000620000000, 0x0000000620000000, 0x0000000620400000|  0%| F|  |TAMS 0x0000000620000000, 0x0000000620000000| Untracked 
|  43|0x0000000620400000, 0x0000000620400000, 0x0000000620800000|  0%| F|  |TAMS 0x0000000620400000, 0x0000000620400000| Untracked 
|  44|0x0000000620800000, 0x0000000620800000, 0x0000000620c00000|  0%| F|  |TAMS 0x0000000620800000, 0x0000000620800000| Untracked 
|  45|0x0000000620c00000, 0x0000000620c00000, 0x0000000621000000|  0%| F|  |TAMS 0x0000000620c00000, 0x0000000620c00000| Untracked 
|  46|0x0000000621000000, 0x0000000621000000, 0x0000000621400000|  0%| F|  |TAMS 0x0000000621000000, 0x0000000621000000| Untracked 
|  47|0x0000000621400000, 0x0000000621400000, 0x0000000621800000|  0%| F|  |TAMS 0x0000000621400000, 0x0000000621400000| Untracked 
|  48|0x0000000621800000, 0x0000000621800000, 0x0000000621c00000|  0%| F|  |TAMS 0x0000000621800000, 0x0000000621800000| Untracked 
|  49|0x0000000621c00000, 0x0000000621c00000, 0x0000000622000000|  0%| F|  |TAMS 0x0000000621c00000, 0x0000000621c00000| Untracked 
|  50|0x0000000622000000, 0x0000000622000000, 0x0000000622400000|  0%| F|  |TAMS 0x0000000622000000, 0x0000000622000000| Untracked 
|  51|0x0000000622400000, 0x0000000622400000, 0x0000000622800000|  0%| F|  |TAMS 0x0000000622400000, 0x0000000622400000| Untracked 
|  52|0x0000000622800000, 0x0000000622800000, 0x0000000622c00000|  0%| F|  |TAMS 0x0000000622800000, 0x0000000622800000| Untracked 
|  53|0x0000000622c00000, 0x0000000622c00000, 0x0000000623000000|  0%| F|  |TAMS 0x0000000622c00000, 0x0000000622c00000| Untracked 
|  54|0x0000000623000000, 0x0000000623000000, 0x0000000623400000|  0%| F|  |TAMS 0x0000000623000000, 0x0000000623000000| Untracked 
|  55|0x0000000623400000, 0x0000000623400000, 0x0000000623800000|  0%| F|  |TAMS 0x0000000623400000, 0x0000000623400000| Untracked 
|  56|0x0000000623800000, 0x0000000623800000, 0x0000000623c00000|  0%| F|  |TAMS 0x0000000623800000, 0x0000000623800000| Untracked 
|  57|0x0000000623c00000, 0x0000000623c00000, 0x0000000624000000|  0%| F|  |TAMS 0x0000000623c00000, 0x0000000623c00000| Untracked 
|  58|0x0000000624000000, 0x0000000624000000, 0x0000000624400000|  0%| F|  |TAMS 0x0000000624000000, 0x0000000624000000| Untracked 
|  59|0x0000000624400000, 0x0000000624400000, 0x0000000624800000|  0%| F|  |TAMS 0x0000000624400000, 0x0000000624400000| Untracked 
|  60|0x0000000624800000, 0x0000000624800000, 0x0000000624c00000|  0%| F|  |TAMS 0x0000000624800000, 0x0000000624800000| Untracked 
|  61|0x0000000624c00000, 0x0000000624c00000, 0x0000000625000000|  0%| F|  |TAMS 0x0000000624c00000, 0x0000000624c00000| Untracked 
|  62|0x0000000625000000, 0x0000000625000000, 0x0000000625400000|  0%| F|  |TAMS 0x0000000625000000, 0x0000000625000000| Untracked 
|  63|0x0000000625400000, 0x0000000625400000, 0x0000000625800000|  0%| F|  |TAMS 0x0000000625400000, 0x0000000625400000| Untracked 
|  64|0x0000000625800000, 0x0000000625800000, 0x0000000625c00000|  0%| F|  |TAMS 0x0000000625800000, 0x0000000625800000| Untracked 
|  65|0x0000000625c00000, 0x0000000625c00000, 0x0000000626000000|  0%| F|  |TAMS 0x0000000625c00000, 0x0000000625c00000| Untracked 
|  66|0x0000000626000000, 0x0000000626000000, 0x0000000626400000|  0%| F|  |TAMS 0x0000000626000000, 0x0000000626000000| Untracked 
|  67|0x0000000626400000, 0x0000000626400000, 0x0000000626800000|  0%| F|  |TAMS 0x0000000626400000, 0x0000000626400000| Untracked 
|  68|0x0000000626800000, 0x0000000626800000, 0x0000000626c00000|  0%| F|  |TAMS 0x0000000626800000, 0x0000000626800000| Untracked 
|  69|0x0000000626c00000, 0x0000000626c00000, 0x0000000627000000|  0%| F|  |TAMS 0x0000000626c00000, 0x0000000626c00000| Untracked 
|  70|0x0000000627000000, 0x0000000627000000, 0x0000000627400000|  0%| F|  |TAMS 0x0000000627000000, 0x0000000627000000| Untracked 
|  71|0x0000000627400000, 0x0000000627400000, 0x0000000627800000|  0%| F|  |TAMS 0x0000000627400000, 0x0000000627400000| Untracked 
|  72|0x0000000627800000, 0x0000000627800000, 0x0000000627c00000|  0%| F|  |TAMS 0x0000000627800000, 0x0000000627800000| Untracked 
|  73|0x0000000627c00000, 0x0000000627c00000, 0x0000000628000000|  0%| F|  |TAMS 0x0000000627c00000, 0x0000000627c00000| Untracked 
|  74|0x0000000628000000, 0x0000000628000000, 0x0000000628400000|  0%| F|  |TAMS 0x0000000628000000, 0x0000000628000000| Untracked 
|  75|0x0000000628400000, 0x0000000628400000, 0x0000000628800000|  0%| F|  |TAMS 0x0000000628400000, 0x0000000628400000| Untracked 
|  76|0x0000000628800000, 0x0000000628800000, 0x0000000628c00000|  0%| F|  |TAMS 0x0000000628800000, 0x0000000628800000| Untracked 
|  77|0x0000000628c00000, 0x0000000628c00000, 0x0000000629000000|  0%| F|  |TAMS 0x0000000628c00000, 0x0000000628c00000| Untracked 
|  78|0x0000000629000000, 0x0000000629000000, 0x0000000629400000|  0%| F|  |TAMS 0x0000000629000000, 0x0000000629000000| Untracked 
|  79|0x0000000629400000, 0x0000000629400000, 0x0000000629800000|  0%| F|  |TAMS 0x0000000629400000, 0x0000000629400000| Untracked 
|  80|0x0000000629800000, 0x0000000629800000, 0x0000000629c00000|  0%| F|  |TAMS 0x0000000629800000, 0x0000000629800000| Untracked 
|  81|0x0000000629c00000, 0x0000000629c00000, 0x000000062a000000|  0%| F|  |TAMS 0x0000000629c00000, 0x0000000629c00000| Untracked 
|  82|0x000000062a000000, 0x000000062a000000, 0x000000062a400000|  0%| F|  |TAMS 0x000000062a000000, 0x000000062a000000| Untracked 
|  83|0x000000062a400000, 0x000000062a400000, 0x000000062a800000|  0%| F|  |TAMS 0x000000062a400000, 0x000000062a400000| Untracked 
|  84|0x000000062a800000, 0x000000062a800000, 0x000000062ac00000|  0%| F|  |TAMS 0x000000062a800000, 0x000000062a800000| Untracked 
|  85|0x000000062ac00000, 0x000000062ac00000, 0x000000062b000000|  0%| F|  |TAMS 0x000000062ac00000, 0x000000062ac00000| Untracked 
|  86|0x000000062b000000, 0x000000062b000000, 0x000000062b400000|  0%| F|  |TAMS 0x000000062b000000, 0x000000062b000000| Untracked 
|  87|0x000000062b400000, 0x000000062b400000, 0x000000062b800000|  0%| F|  |TAMS 0x000000062b400000, 0x000000062b400000| Untracked 
|  88|0x000000062b800000, 0x000000062b800000, 0x000000062bc00000|  0%| F|  |TAMS 0x000000062b800000, 0x000000062b800000| Untracked 
|  89|0x000000062bc00000, 0x000000062bc00000, 0x000000062c000000|  0%| F|  |TAMS 0x000000062bc00000, 0x000000062bc00000| Untracked 
|  90|0x000000062c000000, 0x000000062c000000, 0x000000062c400000|  0%| F|  |TAMS 0x000000062c000000, 0x000000062c000000| Untracked 
|  91|0x000000062c400000, 0x000000062c400000, 0x000000062c800000|  0%| F|  |TAMS 0x000000062c400000, 0x000000062c400000| Untracked 
|  92|0x000000062c800000, 0x000000062c800000, 0x000000062cc00000|  0%| F|  |TAMS 0x000000062c800000, 0x000000062c800000| Untracked 
|  93|0x000000062cc00000, 0x000000062cc00000, 0x000000062d000000|  0%| F|  |TAMS 0x000000062cc00000, 0x000000062cc00000| Untracked 
|  94|0x000000062d000000, 0x000000062d000000, 0x000000062d400000|  0%| F|  |TAMS 0x000000062d000000, 0x000000062d000000| Untracked 
|  95|0x000000062d400000, 0x000000062d400000, 0x000000062d800000|  0%| F|  |TAMS 0x000000062d400000, 0x000000062d400000| Untracked 
|  96|0x000000062d800000, 0x000000062d800000, 0x000000062dc00000|  0%| F|  |TAMS 0x000000062d800000, 0x000000062d800000| Untracked 
|  97|0x000000062dc00000, 0x000000062dc00000, 0x000000062e000000|  0%| F|  |TAMS 0x000000062dc00000, 0x000000062dc00000| Untracked 
|  98|0x000000062e000000, 0x000000062e000000, 0x000000062e400000|  0%| F|  |TAMS 0x000000062e000000, 0x000000062e000000| Untracked 
|  99|0x000000062e400000, 0x000000062e400000, 0x000000062e800000|  0%| F|  |TAMS 0x000000062e400000, 0x000000062e400000| Untracked 
| 100|0x000000062e800000, 0x000000062e800000, 0x000000062ec00000|  0%| F|  |TAMS 0x000000062e800000, 0x000000062e800000| Untracked 
| 101|0x000000062ec00000, 0x000000062ec00000, 0x000000062f000000|  0%| F|  |TAMS 0x000000062ec00000, 0x000000062ec00000| Untracked 
| 102|0x000000062f000000, 0x000000062f000000, 0x000000062f400000|  0%| F|  |TAMS 0x000000062f000000, 0x000000062f000000| Untracked 
| 103|0x000000062f400000, 0x000000062f400000, 0x000000062f800000|  0%| F|  |TAMS 0x000000062f400000, 0x000000062f400000| Untracked 
| 104|0x000000062f800000, 0x000000062f800000, 0x000000062fc00000|  0%| F|  |TAMS 0x000000062f800000, 0x000000062f800000| Untracked 
| 105|0x000000062fc00000, 0x000000062fc00000, 0x0000000630000000|  0%| F|  |TAMS 0x000000062fc00000, 0x000000062fc00000| Untracked 
| 106|0x0000000630000000, 0x0000000630000000, 0x0000000630400000|  0%| F|  |TAMS 0x0000000630000000, 0x0000000630000000| Untracked 
| 107|0x0000000630400000, 0x0000000630400000, 0x0000000630800000|  0%| F|  |TAMS 0x0000000630400000, 0x0000000630400000| Untracked 
| 108|0x0000000630800000, 0x0000000630800000, 0x0000000630c00000|  0%| F|  |TAMS 0x0000000630800000, 0x0000000630800000| Untracked 
| 109|0x0000000630c00000, 0x0000000630c00000, 0x0000000631000000|  0%| F|  |TAMS 0x0000000630c00000, 0x0000000630c00000| Untracked 
| 110|0x0000000631000000, 0x0000000631000000, 0x0000000631400000|  0%| F|  |TAMS 0x0000000631000000, 0x0000000631000000| Untracked 
| 111|0x0000000631400000, 0x0000000631400000, 0x0000000631800000|  0%| F|  |TAMS 0x0000000631400000, 0x0000000631400000| Untracked 
| 112|0x0000000631800000, 0x0000000631800000, 0x0000000631c00000|  0%| F|  |TAMS 0x0000000631800000, 0x0000000631800000| Untracked 
| 113|0x0000000631c00000, 0x0000000631c00000, 0x0000000632000000|  0%| F|  |TAMS 0x0000000631c00000, 0x0000000631c00000| Untracked 
| 114|0x0000000632000000, 0x0000000632000000, 0x0000000632400000|  0%| F|  |TAMS 0x0000000632000000, 0x0000000632000000| Untracked 
| 115|0x0000000632400000, 0x0000000632400000, 0x0000000632800000|  0%| F|  |TAMS 0x0000000632400000, 0x0000000632400000| Untracked 
| 116|0x0000000632800000, 0x0000000632800000, 0x0000000632c00000|  0%| F|  |TAMS 0x0000000632800000, 0x0000000632800000| Untracked 
| 117|0x0000000632c00000, 0x0000000632c00000, 0x0000000633000000|  0%| F|  |TAMS 0x0000000632c00000, 0x0000000632c00000| Untracked 
| 118|0x0000000633000000, 0x0000000633000000, 0x0000000633400000|  0%| F|  |TAMS 0x0000000633000000, 0x0000000633000000| Untracked 
| 119|0x0000000633400000, 0x0000000633400000, 0x0000000633800000|  0%| F|  |TAMS 0x0000000633400000, 0x0000000633400000| Untracked 
| 120|0x0000000633800000, 0x0000000633800000, 0x0000000633c00000|  0%| F|  |TAMS 0x0000000633800000, 0x0000000633800000| Untracked 
| 121|0x0000000633c00000, 0x0000000633c00000, 0x0000000634000000|  0%| F|  |TAMS 0x0000000633c00000, 0x0000000633c00000| Untracked 
| 122|0x0000000634000000, 0x00000006340f5d58, 0x0000000634400000| 24%| E|  |TAMS 0x0000000634000000, 0x0000000634000000| Complete 

Card table byte_map: [0x00007fbecb3a9000,0x00007fbecc2fd000] _byte_map_base: 0x00007fbec82fd000

Marking Bits (Prev, Next): (CMBitMap*) 0x00007fbee0054580, (CMBitMap*) 0x00007fbee00545c0
 Prev Bits: [0x00007fbec29b5000, 0x00007fbeca455000)
 Next Bits: [0x00007fbebaf15000, 0x00007fbec29b5000)

Polling page: 0x00007fbee5e8f000

Metaspace:

Usage:
  Non-class:      3.06 MB used.
      Class:    273.57 KB used.
       Both:      3.33 MB used.

Virtual space:
  Non-class space:       64.00 MB reserved,       3.12 MB (  5%) committed,  1 nodes.
      Class space:        1.00 GB reserved,     320.00 KB ( <1%) committed,  1 nodes.
             Both:        1.06 GB reserved,       3.44 MB ( <1%) committed. 

Chunk freelists:
   Non-Class:  12.00 MB
       Class:  15.62 MB
        Both:  27.62 MB

MaxMetaspaceSize: unlimited
CompressedClassSpaceSize: 1.00 GB
Initial GC threshold: 21.00 MB
Current GC threshold: 21.00 MB
CDS: off
MetaspaceReclaimPolicy: balanced
 - commit_granule_bytes: 65536.
 - commit_granule_words: 8192.
 - virtual_space_node_default_size: 8388608.
 - enlarge_chunks_in_place: 1.
 - new_chunks_are_fully_committed: 0.
 - uncommit_free_chunks: 1.
 - use_allocation_guard: 0.
 - handle_deallocations: 1.


Internal statistics:

num_allocs_failed_limit: 0.
num_arena_births: 2.
num_arena_deaths: 0.
num_vsnodes_births: 2.
num_vsnodes_deaths: 0.
num_space_committed: 55.
num_space_uncommitted: 0.
num_chunks_returned_to_freelist: 0.
num_chunks_taken_from_freelist: 4.
num_chunk_merges: 0.
num_chunk_splits: 2.
num_chunks_enlarged: 0.
num_inconsistent_stats: 0.

CodeHeap 'non-profiled nmethods': size=120028Kb used=4Kb max_used=4Kb free=120023Kb
 bounds [0x00007fbed535e000, 0x00007fbed55ce000, 0x00007fbedc895000]
CodeHeap 'profiled nmethods': size=120028Kb used=38Kb max_used=38Kb free=119989Kb
 bounds [0x00007fbecd895000, 0x00007fbecdb05000, 0x00007fbed4dcc000]
CodeHeap 'non-nmethods': size=5704Kb used=1023Kb max_used=1037Kb free=4680Kb
 bounds [0x00007fbed4dcc000, 0x00007fbed503c000, 0x00007fbed535e000]
 total_blobs=312 nmethods=34 adapters=192
 compilation: enabled
              stopped_count=0, restarted_count=0
 full_count=0

Compilation events (20 events):
Event: 0.049 Thread 0x00007fbee01e01b0 nmethod 22 0x00007fbecd89ac90 code [0x00007fbecd89ae80, 0x00007fbecd89b250]
Event: 0.049 Thread 0x00007fbee01e01b0   21       1       java.lang.module.ModuleReference::descriptor (5 bytes)
Event: 0.049 Thread 0x00007fbee01e01b0 nmethod 21 0x00007fbed535e710 code [0x00007fbed535e8a0, 0x00007fbed535e970]
Event: 0.055 Thread 0x00007fbee01e01b0   23       3       java.util.ImmutableCollections$SetN$SetNIterator::hasNext (13 bytes)
Event: 0.055 Thread 0x00007fbee01e01b0 nmethod 23 0x00007fbecd89b390 code [0x00007fbecd89b520, 0x00007fbecd89b690]
Event: 0.055 Thread 0x00007fbee01e01b0   24       3       java.util.concurrent.ConcurrentHashMap::tabAt (22 bytes)
Event: 0.055 Thread 0x00007fbee01e01b0 nmethod 24 0x00007fbecd89b710 code [0x00007fbecd89b8c0, 0x00007fbecd89bb90]
Event: 0.055 Thread 0x00007fbee01e01b0   25       3       jdk.internal.misc.Unsafe::getReferenceAcquire (7 bytes)
Event: 0.055 Thread 0x00007fbee01e01b0 nmethod 25 0x00007fbecd89bc90 code [0x00007fbecd89be20, 0x00007fbecd89bf90]
Event: 0.055 Thread 0x00007fbee01e01b0   26       3       java.util.concurrent.ConcurrentHashMap::spread (10 bytes)
Event: 0.055 Thread 0x00007fbee01e01b0 nmethod 26 0x00007fbecd89c010 code [0x00007fbecd89c1a0, 0x00007fbecd89c290]
Event: 0.055 Thread 0x00007fbee01e01b0   27       1       java.util.KeyValueHolder::getKey (5 bytes)
Event: 0.056 Thread 0x00007fbee01e01b0 nmethod 27 0x00007fbed535ea10 code [0x00007fbed535eba0, 0x00007fbed535ec70]
Event: 0.056 Thread 0x00007fbee01decc0   28       4       java.lang.Object::<init> (1 bytes)
Event: 0.056 Thread 0x00007fbee01e01b0   29       1       java.util.KeyValueHolder::getValue (5 bytes)
Event: 0.056 Thread 0x00007fbee01e01b0 nmethod 29 0x00007fbed535ed10 code [0x00007fbed535eea0, 0x00007fbed535ef70]
Event: 0.056 Thread 0x00007fbee01e01b0   30       3       java.util.ImmutableCollections$MapN::probe (60 bytes)
Event: 0.056 Thread 0x00007fbee01decc0 nmethod 28 0x00007fbed535f010 code [0x00007fbed535f180, 0x00007fbed535f1f8]
Event: 0.056 Thread 0x00007fbee01e01b0 nmethod 30 0x00007fbecd89c310 code [0x00007fbecd89c500, 0x00007fbecd89ca50]
Event: 0.056 Thread 0x00007fbee01e01b0   32       3       java.util.ImmutableCollections$SetN$SetNIterator::next (90 bytes)

GC Heap History (0 events):
No events

Dll operation events (1 events):
Event: 0.002 Loaded shared library /snap/intellij-idea-community/463/jbr/lib/libjava.so

Deoptimization events (0 events):
No events

Classes unloaded (0 events):
No events

Classes redefined (0 events):
No events

Internal exceptions (0 events):
No events

VM Operations (0 events):
No events

Events (20 events):
Event: 0.055 loading class jdk/internal/loader/AbstractClassLoaderValue done
Event: 0.055 loading class jdk/internal/loader/ClassLoaderValue done
Event: 0.055 loading class jdk/internal/loader/BuiltinClassLoader$LoadedModule
Event: 0.055 loading class jdk/internal/loader/BuiltinClassLoader$LoadedModule done
Event: 0.055 loading class java/lang/module/Configuration
Event: 0.055 loading class java/lang/module/Configuration done
Event: 0.055 loading class java/lang/module/ResolvedModule
Event: 0.055 loading class java/lang/module/ResolvedModule done
Event: 0.055 loading class java/util/AbstractMap$1
Event: 0.055 loading class java/util/AbstractMap$1 done
Event: 0.055 loading class java/util/AbstractMap$1$1
Event: 0.055 loading class java/util/AbstractMap$1$1 done
Event: 0.056 loading class jdk/internal/module/ModuleLoaderMap
Event: 0.056 loading class jdk/internal/module/ModuleLoaderMap done
Event: 0.056 loading class jdk/internal/module/ModuleLoaderMap$Mapper
Event: 0.056 loading class java/util/function/Function
Event: 0.056 loading class java/util/function/Function done
Event: 0.056 loading class jdk/internal/module/ModuleLoaderMap$Mapper done
Event: 0.056 loading class jdk/internal/module/ModuleLoaderMap$Modules
Event: 0.056 loading class jdk/internal/module/ModuleLoaderMap$Modules done


Dynamic libraries:
615800000-634400000 rw-p 00000000 00:00 0 
634400000-800020000 ---p 00000000 00:00 0 
800020000-800030000 rw-p 00000000 00:00 0 
800030000-800040000 ---p 00000000 00:00 0 
800040000-800080000 rw-p 00000000 00:00 0 
800080000-840000000 ---p 00000000 00:00 0 
56488480d000-56488480e000 r--p 00000000 07:24 22                         /snap/intellij-idea-community/463/jbr/bin/java
56488480e000-56488480f000 r-xp 00001000 07:24 22                         /snap/intellij-idea-community/463/jbr/bin/java
56488480f000-564884810000 r--p 00002000 07:24 22                         /snap/intellij-idea-community/463/jbr/bin/java
564884810000-564884811000 r--p 00002000 07:24 22                         /snap/intellij-idea-community/463/jbr/bin/java
564884811000-564884812000 rw-p 00003000 07:24 22                         /snap/intellij-idea-community/463/jbr/bin/java
564885052000-56488509a000 rw-p 00000000 00:00 0                          [heap]
7fbe74000000-7fbe74021000 rw-p 00000000 00:00 0 
7fbe74021000-7fbe78000000 ---p 00000000 00:00 0 
7fbe7c000000-7fbe7c080000 rw-p 00000000 00:00 0 
7fbe7c080000-7fbe80000000 ---p 00000000 00:00 0 
7fbe80000000-7fbe80025000 rw-p 00000000 00:00 0 
7fbe80025000-7fbe84000000 ---p 00000000 00:00 0 
7fbe84000000-7fbe84021000 rw-p 00000000 00:00 0 
7fbe84021000-7fbe88000000 ---p 00000000 00:00 0 
7fbe88000000-7fbe88021000 rw-p 00000000 00:00 0 
7fbe88021000-7fbe8c000000 ---p 00000000 00:00 0 
7fbe8c000000-7fbe8c021000 rw-p 00000000 00:00 0 
7fbe8c021000-7fbe90000000 ---p 00000000 00:00 0 
7fbe90000000-7fbe90021000 rw-p 00000000 00:00 0 
7fbe90021000-7fbe94000000 ---p 00000000 00:00 0 
7fbe94000000-7fbe94021000 rw-p 00000000 00:00 0 
7fbe94021000-7fbe98000000 ---p 00000000 00:00 0 
7fbe98000000-7fbe98021000 rw-p 00000000 00:00 0 
7fbe98021000-7fbe9c000000 ---p 00000000 00:00 0 
7fbe9c000000-7fbe9c320000 rw-p 00000000 00:00 0 
7fbe9c320000-7fbea0000000 ---p 00000000 00:00 0 
7fbea0000000-7fbea0021000 rw-p 00000000 00:00 0 
7fbea0021000-7fbea4000000 ---p 00000000 00:00 0 
7fbea4000000-7fbea4021000 rw-p 00000000 00:00 0 
7fbea4021000-7fbea8000000 ---p 00000000 00:00 0 
7fbeaaa94000-7fbeaae8e000 rw-p 00000000 00:00 0 
7fbeaae8e000-7fbeaae92000 ---p 00000000 00:00 0 
7fbeaae92000-7fbeaaf8f000 rw-p 00000000 00:00 0 
7fbeaaf8f000-7fbeaaf93000 ---p 00000000 00:00 0 
7fbeaaf93000-7fbeab090000 rw-p 00000000 00:00 0 
7fbeab090000-7fbeab094000 ---p 00000000 00:00 0 
7fbeab094000-7fbeab191000 rw-p 00000000 00:00 0 
7fbeab191000-7fbeab195000 ---p 00000000 00:00 0 
7fbeab195000-7fbeab292000 rw-p 00000000 00:00 0 
7fbeab292000-7fbeab296000 ---p 00000000 00:00 0 
7fbeab296000-7fbeab393000 rw-p 00000000 00:00 0 
7fbeab393000-7fbeab397000 ---p 00000000 00:00 0 
7fbeab397000-7fbeab494000 rw-p 00000000 00:00 0 
7fbeab494000-7fbeaba04000 r--p 00000000 103:02 2753367                   /usr/lib/locale/locale-archive
7fbeaba04000-7fbeaba08000 ---p 00000000 00:00 0 
7fbeaba08000-7fbeabb05000 rw-p 00000000 00:00 0 
7fbeabb05000-7fbeabb09000 ---p 00000000 00:00 0 
7fbeabb09000-7fbeabc06000 rw-p 00000000 00:00 0 
7fbeabc06000-7fbeabc07000 ---p 00000000 00:00 0 
7fbeabc07000-7fbeabd08000 rw-p 00000000 00:00 0 
7fbeabe22000-7fbeabefe000 rw-p 00000000 00:00 0 
7fbeabefe000-7fbeabeff000 ---p 00000000 00:00 0 
7fbeabeff000-7fbeac000000 rw-p 00000000 00:00 0 
7fbeac000000-7fbeac021000 rw-p 00000000 00:00 0 
7fbeac021000-7fbeb0000000 ---p 00000000 00:00 0 
7fbeb0000000-7fbeb0021000 rw-p 00000000 00:00 0 
7fbeb0021000-7fbeb4000000 ---p 00000000 00:00 0 
7fbeb4000000-7fbeb4021000 rw-p 00000000 00:00 0 
7fbeb4021000-7fbeb8000000 ---p 00000000 00:00 0 
7fbeb8005000-7fbeb8046000 rw-p 00000000 00:00 0 
7fbeb8046000-7fbeb8047000 ---p 00000000 00:00 0 
7fbeb8047000-7fbebab52000 rw-p 00000000 00:00 0 
7fbebab52000-7fbebab53000 ---p 00000000 00:00 0 
7fbebab53000-7fbebac54000 rw-p 00000000 00:00 0 
7fbebac54000-7fbebac55000 ---p 00000000 00:00 0 
7fbebac55000-7fbebad56000 rw-p 00000000 00:00 0 
7fbebad56000-7fbebad57000 ---p 00000000 00:00 0 
7fbebad57000-7fbebb6c5000 rw-p 00000000 00:00 0 
7fbebb6c5000-7fbec29b5000 ---p 00000000 00:00 0 
7fbec29b5000-7fbec3165000 rw-p 00000000 00:00 0 
7fbec3165000-7fbeca455000 ---p 00000000 00:00 0 
7fbeca455000-7fbeca54b000 rw-p 00000000 00:00 0 
7fbeca54b000-7fbecb3a9000 ---p 00000000 00:00 0 
7fbecb3a9000-7fbecb49f000 rw-p 00000000 00:00 0 
7fbecb49f000-7fbecc2fd000 ---p 00000000 00:00 0 
7fbecc2fd000-7fbecc3f3000 rw-p 00000000 00:00 0 
7fbecc3f3000-7fbecd251000 ---p 00000000 00:00 0 
7fbecd251000-7fbecd895000 rw-p 00000000 00:00 0 
7fbecd895000-7fbecdb05000 rwxp 00000000 00:00 0 
7fbecdb05000-7fbed4dcc000 ---p 00000000 00:00 0 
7fbed4dcc000-7fbed503c000 rwxp 00000000 00:00 0 
7fbed503c000-7fbed535e000 ---p 00000000 00:00 0 
7fbed535e000-7fbed55ce000 rwxp 00000000 00:00 0 
7fbed55ce000-7fbedc895000 ---p 00000000 00:00 0 
7fbedc895000-7fbee0000000 r--s 00000000 07:24 484                        /snap/intellij-idea-community/463/jbr/lib/modules
7fbee0000000-7fbee024b000 rw-p 00000000 00:00 0 
7fbee024b000-7fbee4000000 ---p 00000000 00:00 0 
7fbee4027000-7fbee4029000 r--p 00000000 07:24 427                        /snap/intellij-idea-community/463/jbr/lib/libzip.so
7fbee4029000-7fbee402d000 r-xp 00002000 07:24 427                        /snap/intellij-idea-community/463/jbr/lib/libzip.so
7fbee402d000-7fbee402f000 r--p 00006000 07:24 427                        /snap/intellij-idea-community/463/jbr/lib/libzip.so
7fbee402f000-7fbee4030000 r--p 00007000 07:24 427                        /snap/intellij-idea-community/463/jbr/lib/libzip.so
7fbee4030000-7fbee443a000 rw-p 00000000 00:00 0 
7fbee443a000-7fbee4520000 ---p 00000000 00:00 0 
7fbee4520000-7fbee4525000 rw-p 00000000 00:00 0 
7fbee4525000-7fbee460b000 ---p 00000000 00:00 0 
7fbee460b000-7fbee4610000 rw-p 00000000 00:00 0 
7fbee4610000-7fbee4617000 ---p 00000000 00:00 0 
7fbee4617000-7fbee4623000 r--p 00000000 07:24 396                        /snap/intellij-idea-community/463/jbr/lib/libjava.so
7fbee4623000-7fbee4635000 r-xp 0000c000 07:24 396                        /snap/intellij-idea-community/463/jbr/lib/libjava.so
7fbee4635000-7fbee463b000 r--p 0001e000 07:24 396                        /snap/intellij-idea-community/463/jbr/lib/libjava.so
7fbee463b000-7fbee463c000 ---p 00024000 07:24 396                        /snap/intellij-idea-community/463/jbr/lib/libjava.so
7fbee463c000-7fbee463d000 r--p 00024000 07:24 396                        /snap/intellij-idea-community/463/jbr/lib/libjava.so
7fbee463d000-7fbee463e000 rw-p 00025000 07:24 396                        /snap/intellij-idea-community/463/jbr/lib/libjava.so
7fbee463e000-7fbee463f000 rw-p 00000000 00:00 0 
7fbee463f000-7fbee4647000 rw-s 00000000 103:02 4594244                   /tmp/hsperfdata_robert/550848
7fbee4647000-7fbee464a000 r--p 00000000 07:24 401                        /snap/intellij-idea-community/463/jbr/lib/libjimage.so
7fbee464a000-7fbee465e000 r-xp 00003000 07:24 401                        /snap/intellij-idea-community/463/jbr/lib/libjimage.so
7fbee465e000-7fbee4664000 r--p 00017000 07:24 401                        /snap/intellij-idea-community/463/jbr/lib/libjimage.so
7fbee4664000-7fbee4666000 r--p 0001c000 07:24 401                        /snap/intellij-idea-community/463/jbr/lib/libjimage.so
7fbee4666000-7fbee4667000 rw-p 0001e000 07:24 401                        /snap/intellij-idea-community/463/jbr/lib/libjimage.so
7fbee4667000-7fbee466b000 ---p 00000000 00:00 0 
7fbee466b000-7fbee4768000 rw-p 00000000 00:00 0 
7fbee4768000-7fbee4775000 r--p 00000000 103:02 2762581                   /usr/lib/x86_64-linux-gnu/libm-2.31.so
7fbee4775000-7fbee481c000 r-xp 0000d000 103:02 2762581                   /usr/lib/x86_64-linux-gnu/libm-2.31.so
7fbee481c000-7fbee48b5000 r--p 000b4000 103:02 2762581                   /usr/lib/x86_64-linux-gnu/libm-2.31.so
7fbee48b5000-7fbee48b6000 r--p 0014c000 103:02 2762581                   /usr/lib/x86_64-linux-gnu/libm-2.31.so
7fbee48b6000-7fbee48b7000 rw-p 0014d000 103:02 2762581                   /usr/lib/x86_64-linux-gnu/libm-2.31.so
7fbee48b7000-7fbee48b9000 r--p 00000000 103:02 2762594                   /usr/lib/x86_64-linux-gnu/librt-2.31.so
7fbee48b9000-7fbee48bd000 r-xp 00002000 103:02 2762594                   /usr/lib/x86_64-linux-gnu/librt-2.31.so
7fbee48bd000-7fbee48bf000 r--p 00006000 103:02 2762594                   /usr/lib/x86_64-linux-gnu/librt-2.31.so
7fbee48bf000-7fbee48c0000 r--p 00007000 103:02 2762594                   /usr/lib/x86_64-linux-gnu/librt-2.31.so
7fbee48c0000-7fbee48c1000 rw-p 00008000 103:02 2762594                   /usr/lib/x86_64-linux-gnu/librt-2.31.so
7fbee48c1000-7fbee4b14000 r--p 00000000 07:24 495                        /snap/intellij-idea-community/463/jbr/lib/server/libjvm.so
7fbee4b14000-7fbee583d000 r-xp 00253000 07:24 495                        /snap/intellij-idea-community/463/jbr/lib/server/libjvm.so
7fbee583d000-7fbee5ace000 r--p 00f7c000 07:24 495                        /snap/intellij-idea-community/463/jbr/lib/server/libjvm.so
7fbee5ace000-7fbee5acf000 ---p 0120d000 07:24 495                        /snap/intellij-idea-community/463/jbr/lib/server/libjvm.so
7fbee5acf000-7fbee5b88000 r--p 0120d000 07:24 495                        /snap/intellij-idea-community/463/jbr/lib/server/libjvm.so
7fbee5b88000-7fbee5bbd000 rw-p 012c6000 07:24 495                        /snap/intellij-idea-community/463/jbr/lib/server/libjvm.so
7fbee5bbd000-7fbee5c29000 rw-p 00000000 00:00 0 
7fbee5c29000-7fbee5c4b000 r--p 00000000 103:02 2762579                   /usr/lib/x86_64-linux-gnu/libc-2.31.so
7fbee5c4b000-7fbee5dc3000 r-xp 00022000 103:02 2762579                   /usr/lib/x86_64-linux-gnu/libc-2.31.so
7fbee5dc3000-7fbee5e11000 r--p 0019a000 103:02 2762579                   /usr/lib/x86_64-linux-gnu/libc-2.31.so
7fbee5e11000-7fbee5e15000 r--p 001e7000 103:02 2762579                   /usr/lib/x86_64-linux-gnu/libc-2.31.so
7fbee5e15000-7fbee5e17000 rw-p 001eb000 103:02 2762579                   /usr/lib/x86_64-linux-gnu/libc-2.31.so
7fbee5e17000-7fbee5e1b000 rw-p 00000000 00:00 0 
7fbee5e1b000-7fbee5e1c000 r--p 00000000 103:02 2762580                   /usr/lib/x86_64-linux-gnu/libdl-2.31.so
7fbee5e1c000-7fbee5e1e000 r-xp 00001000 103:02 2762580                   /usr/lib/x86_64-linux-gnu/libdl-2.31.so
7fbee5e1e000-7fbee5e1f000 r--p 00003000 103:02 2762580                   /usr/lib/x86_64-linux-gnu/libdl-2.31.so
7fbee5e1f000-7fbee5e20000 r--p 00003000 103:02 2762580                   /usr/lib/x86_64-linux-gnu/libdl-2.31.so
7fbee5e20000-7fbee5e21000 rw-p 00004000 103:02 2762580                   /usr/lib/x86_64-linux-gnu/libdl-2.31.so
7fbee5e21000-7fbee5e27000 r--p 00000000 103:02 2762592                   /usr/lib/x86_64-linux-gnu/libpthread-2.31.so
7fbee5e27000-7fbee5e38000 r-xp 00006000 103:02 2762592                   /usr/lib/x86_64-linux-gnu/libpthread-2.31.so
7fbee5e38000-7fbee5e3e000 r--p 00017000 103:02 2762592                   /usr/lib/x86_64-linux-gnu/libpthread-2.31.so
7fbee5e3e000-7fbee5e3f000 r--p 0001c000 103:02 2762592                   /usr/lib/x86_64-linux-gnu/libpthread-2.31.so
7fbee5e3f000-7fbee5e40000 rw-p 0001d000 103:02 2762592                   /usr/lib/x86_64-linux-gnu/libpthread-2.31.so
7fbee5e40000-7fbee5e44000 rw-p 00000000 00:00 0 
7fbee5e44000-7fbee5e46000 r--p 00000000 07:24 402                        /snap/intellij-idea-community/463/jbr/lib/libjli.so
7fbee5e46000-7fbee5e50000 r-xp 00002000 07:24 402                        /snap/intellij-idea-community/463/jbr/lib/libjli.so
7fbee5e50000-7fbee5e53000 r--p 0000c000 07:24 402                        /snap/intellij-idea-community/463/jbr/lib/libjli.so
7fbee5e53000-7fbee5e54000 ---p 0000f000 07:24 402                        /snap/intellij-idea-community/463/jbr/lib/libjli.so
7fbee5e54000-7fbee5e55000 r--p 0000f000 07:24 402                        /snap/intellij-idea-community/463/jbr/lib/libjli.so
7fbee5e55000-7fbee5e56000 rw-p 00010000 07:24 402                        /snap/intellij-idea-community/463/jbr/lib/libjli.so
7fbee5e56000-7fbee5e58000 r--p 00000000 103:02 2759306                   /usr/lib/x86_64-linux-gnu/libz.so.1.2.11
7fbee5e58000-7fbee5e69000 r-xp 00002000 103:02 2759306                   /usr/lib/x86_64-linux-gnu/libz.so.1.2.11
7fbee5e69000-7fbee5e6f000 r--p 00013000 103:02 2759306                   /usr/lib/x86_64-linux-gnu/libz.so.1.2.11
7fbee5e6f000-7fbee5e70000 ---p 00019000 103:02 2759306                   /usr/lib/x86_64-linux-gnu/libz.so.1.2.11
7fbee5e70000-7fbee5e71000 r--p 00019000 103:02 2759306                   /usr/lib/x86_64-linux-gnu/libz.so.1.2.11
7fbee5e71000-7fbee5e72000 rw-p 0001a000 103:02 2759306                   /usr/lib/x86_64-linux-gnu/libz.so.1.2.11
7fbee5e72000-7fbee5e74000 rw-p 00000000 00:00 0 
7fbee5e74000-7fbee5e7b000 r--s 00000000 103:02 3413806                   /usr/lib/x86_64-linux-gnu/gconv/gconv-modules.cache
7fbee5e7b000-7fbee5e7e000 r--p 00000000 103:02 2762587                   /usr/lib/x86_64-linux-gnu/libnss_files-2.31.so
7fbee5e7e000-7fbee5e85000 r-xp 00003000 103:02 2762587                   /usr/lib/x86_64-linux-gnu/libnss_files-2.31.so
7fbee5e85000-7fbee5e87000 r--p 0000a000 103:02 2762587                   /usr/lib/x86_64-linux-gnu/libnss_files-2.31.so
7fbee5e87000-7fbee5e88000 r--p 0000b000 103:02 2762587                   /usr/lib/x86_64-linux-gnu/libnss_files-2.31.so
7fbee5e88000-7fbee5e89000 rw-p 0000c000 103:02 2762587                   /usr/lib/x86_64-linux-gnu/libnss_files-2.31.so
7fbee5e89000-7fbee5e8f000 rw-p 00000000 00:00 0 
7fbee5e8f000-7fbee5e90000 ---p 00000000 00:00 0 
7fbee5e90000-7fbee5e91000 r--p 00000000 00:00 0 
7fbee5e91000-7fbee5e92000 r--p 00000000 103:02 2762575                   /usr/lib/x86_64-linux-gnu/ld-2.31.so
7fbee5e92000-7fbee5eb5000 r-xp 00001000 103:02 2762575                   /usr/lib/x86_64-linux-gnu/ld-2.31.so
7fbee5eb5000-7fbee5ebd000 r--p 00024000 103:02 2762575                   /usr/lib/x86_64-linux-gnu/ld-2.31.so
7fbee5ebd000-7fbee5ebe000 ---p 00000000 00:00 0 
7fbee5ebe000-7fbee5ebf000 r--p 0002c000 103:02 2762575                   /usr/lib/x86_64-linux-gnu/ld-2.31.so
7fbee5ebf000-7fbee5ec0000 rw-p 0002d000 103:02 2762575                   /usr/lib/x86_64-linux-gnu/ld-2.31.so
7fbee5ec0000-7fbee5ec1000 rw-p 00000000 00:00 0 
7ffc6766c000-7ffc6768d000 rw-p 00000000 00:00 0                          [stack]
7ffc677b0000-7ffc677b4000 r--p 00000000 00:00 0                          [vvar]
7ffc677b4000-7ffc677b6000 r-xp 00000000 00:00 0                          [vdso]
ffffffffff600000-ffffffffff601000 --xp 00000000 00:00 0                  [vsyscall]


VM Arguments:
java_command: git4idea.http.GitAskPassApp Username for 'https://github.com': 
java_class_path (initial): /snap/intellij-idea-community/463/plugins/vcs-git/lib/git4idea-rt.jar:/snap/intellij-idea-community/463/lib/externalProcess-rt.jar
Launcher Type: SUN_STANDARD

[Global flags]
     intx CICompilerCount                          = 4                                         {product} {ergonomic}
     uint ConcGCThreads                            = 3                                         {product} {ergonomic}
     uint G1ConcRefinementThreads                  = 10                                        {product} {ergonomic}
   size_t G1HeapRegionSize                         = 4194304                                   {product} {ergonomic}
    uintx GCDrainStackTargetSize                   = 64                                        {product} {ergonomic}
   size_t InitialHeapSize                          = 515899392                                 {product} {ergonomic}
   size_t MarkStackSize                            = 4194304                                   {product} {ergonomic}
   size_t MaxHeapSize                              = 8229224448                                {product} {ergonomic}
   size_t MaxNewSize                               = 4936695808                                {product} {ergonomic}
   size_t MinHeapDeltaBytes                        = 4194304                                   {product} {ergonomic}
   size_t MinHeapSize                              = 8388608                                   {product} {ergonomic}
    uintx NonNMethodCodeHeapSize                   = 5839372                                {pd product} {ergonomic}
    uintx NonProfiledCodeHeapSize                  = 122909434                              {pd product} {ergonomic}
    uintx ProfiledCodeHeapSize                     = 122909434                              {pd product} {ergonomic}
    uintx ReservedCodeCacheSize                    = 251658240                              {pd product} {ergonomic}
     bool SegmentedCodeCache                       = true                                      {product} {ergonomic}
   size_t SoftMaxHeapSize                          = 8229224448                             {manageable} {ergonomic}
     bool UseCompressedClassPointers               = true                           {product lp64_product} {ergonomic}
     bool UseCompressedOops                        = true                           {product lp64_product} {ergonomic}
     bool UseG1GC                                  = true                                      {product} {ergonomic}

Logging:
Log output configuration:
 #0: stdout all=warning uptime,level,tags
 #1: stderr all=off uptime,level,tags

Environment Variables:
JAVA_HOME=/usr/lib/jvm/java-17-openjdk-amd64
PATH=/usr/lib/git-core:/usr/local/sbin:/usr/local/bin:/usr/sbin:/usr/bin:/sbin:/bin:/usr/games:/usr/local/games:/snap/bin:/snap/bin:/home/robert/.dotnet/tools:/usr/lib/jvm/java-17-openjdk-amd64/bin
USERNAME=robert
SHELL=/bin/bash
DISPLAY=:0
LANG=en_US.UTF-8
LC_ALL=en_US.UTF-8

Active Locale:
LC_ALL=en_US.UTF-8
LC_COLLATE=en_US.UTF-8
LC_CTYPE=en_US.UTF-8
LC_MESSAGES=en_US.UTF-8
LC_MONETARY=en_US.UTF-8
LC_NUMERIC=en_US.UTF-8
LC_TIME=en_US.UTF-8

Signal Handlers:
   SIGSEGV: crash_handler in libjvm.so, mask=11100100010111111101111111111110, flags=SA_RESTART|SA_SIGINFO, unblocked
    SIGBUS: crash_handler in libjvm.so, mask=11100100010111111101111111111110, flags=SA_RESTART|SA_SIGINFO, unblocked
    SIGFPE: crash_handler in libjvm.so, mask=11100100010111111101111111111110, flags=SA_RESTART|SA_SIGINFO, unblocked
   SIGPIPE: javaSignalHandler in libjvm.so, mask=11100100010111111101111111111110, flags=SA_RESTART|SA_SIGINFO, blocked
   SIGXFSZ: javaSignalHandler in libjvm.so, mask=11100100010111111101111111111110, flags=SA_RESTART|SA_SIGINFO, blocked
    SIGILL: crash_handler in libjvm.so, mask=11100100010111111101111111111110, flags=SA_RESTART|SA_SIGINFO, unblocked
   SIGUSR2: SR_handler in libjvm.so, mask=00100000000000000000000000000000, flags=SA_RESTART|SA_SIGINFO, blocked
    SIGHUP: UserHandler in libjvm.so, mask=11100100010111111101111111111110, flags=SA_RESTART|SA_SIGINFO, blocked
    SIGINT: UserHandler in libjvm.so, mask=11100100010111111101111111111110, flags=SA_RESTART|SA_SIGINFO, blocked
   SIGTERM: UserHandler in libjvm.so, mask=11100100010111111101111111111110, flags=SA_RESTART|SA_SIGINFO, blocked
   SIGQUIT: UserHandler in libjvm.so, mask=11100100010111111101111111111110, flags=SA_RESTART|SA_SIGINFO, blocked
   SIGTRAP: crash_handler in libjvm.so, mask=11100100010111111101111111111110, flags=SA_RESTART|SA_SIGINFO, unblocked

JNI global refs:
JNI global refs: 6, weak refs: 0

JNI global refs memory usage: 867, weak refs: 233

OOME stack traces (most recent first):
Classloader memory used:
Loader bootstrap                                                                       : 426K


---------------  S Y S T E M  ---------------

OS:
DISTRIB_ID=Zorin
DISTRIB_RELEASE=16
DISTRIB_CODENAME=focal
DISTRIB_DESCRIPTION="Zorin OS 16.3"
uname: Linux 5.15.0-87-generic #97~20.04.1-Ubuntu SMP Thu Oct 5 08:25:28 UTC 2023 x86_64
OS uptime: 6 days 1:44 hours
libc: glibc 2.31 NPTL 2.31 
rlimit (soft/hard): STACK 8192k/infinity , CORE 0k/infinity , NPROC 125001/125001 , NOFILE 1048576/1048576 , AS infinity/infinity , CPU infinity/infinity , DATA infinity/infinity , FSIZE infinity/infinity , MEMLOCK 65536k/65536k
load average: 4.26 3.27 2.98

/proc/meminfo:
MemTotal:       32129128 kB
MemFree:         5079724 kB
MemAvailable:   16571884 kB
Buffers:         1161224 kB
Cached:         10620872 kB
SwapCached:          300 kB
Active:          9346024 kB
Inactive:       15052776 kB
Active(anon):     150476 kB
Inactive(anon): 12874752 kB
Active(file):    9195548 kB
Inactive(file):  2178024 kB
Unevictable:         128 kB
Mlocked:             128 kB
SwapTotal:       2097148 kB
SwapFree:        1951996 kB
Dirty:             50188 kB
Writeback:             0 kB
AnonPages:      12615964 kB
Mapped:          2884744 kB
Shmem:            408520 kB
KReclaimable:     579784 kB
Slab:             865456 kB
SReclaimable:     579784 kB
SUnreclaim:       285672 kB
KernelStack:       35124 kB
PageTables:        98836 kB
NFS_Unstable:          0 kB
Bounce:                0 kB
WritebackTmp:          0 kB
CommitLimit:    18161712 kB
Committed_AS:   28149900 kB
VmallocTotal:   34359738367 kB
VmallocUsed:       75676 kB
VmallocChunk:          0 kB
Percpu:            40576 kB
HardwareCorrupted:     0 kB
AnonHugePages:         0 kB
ShmemHugePages:        0 kB
ShmemPmdMapped:        0 kB
FileHugePages:         0 kB
FilePmdMapped:         0 kB
HugePages_Total:       0
HugePages_Free:        0
HugePages_Rsvd:        0
HugePages_Surp:        0
Hugepagesize:       2048 kB
Hugetlb:               0 kB
DirectMap4k:     4643236 kB
DirectMap2M:    27125760 kB
DirectMap1G:     1048576 kB

/sys/kernel/mm/transparent_hugepage/enabled: always [madvise] never
/sys/kernel/mm/transparent_hugepage/defrag (defrag/compaction efforts parameter): always defer defer+madvise [madvise] never

Process Memory:
Virtual Size: 10841452K (peak: 10904016K)
Resident Set Size: 38296K (peak: 38300K) (anon: 15780K, file: 22516K, shmem: 0K)
Swapped out: 0K
C-Heap outstanding allocations: 29423K, retained: 1744K
glibc malloc tunables: (default)

/proc/sys/kernel/threads-max (system-wide limit on the number of threads): 250003
/proc/sys/vm/max_map_count (maximum number of memory map areas a process may have): 65530
/proc/sys/kernel/pid_max (system-wide limit on number of process identifiers): 4194304

container (cgroup) information:
container_type: cgroupv1
cpu_cpuset_cpus: 0-11
cpu_memory_nodes: 0
active_processor_count: 12
cpu_quota: no quota
cpu_period: 100000
cpu_shares: no shares
memory_limit_in_bytes: unlimited
memory_and_swap_limit_in_bytes: unlimited
memory_soft_limit_in_bytes: unlimited
memory_usage_in_bytes: 21170352 k
memory_max_usage_in_bytes: 26041036 k
kernel_memory_usage_in_bytes: 449624 k
kernel_memory_max_usage_in_bytes: unlimited
kernel_memory_limit_in_bytes: 747120 k
maximum number of tasks: unlimited
current number of tasks: 1865

Steal ticks since vm start: 0
Steal ticks percentage since vm start:  0.000

CPU: total 12 (initial active 12) (12 cores per cpu, 2 threads per core) family 25 model 80 stepping 0 microcode 0xa50000b, cx8, cmov, fxsr, ht, mmx, 3dnowpref, sse, sse2, sse3, ssse3, sse4a, sse4.1, sse4.2, popcnt, lzcnt, tsc, tscinvbit, avx, avx2, aes, erms, clmul, bmi1, bmi2, adx, sha, fma, vzeroupper, clflush, clflushopt
CPU Model and flags from /proc/cpuinfo:
model name	: AMD Ryzen 5 5600G with Radeon Graphics
flags		: fpu vme de pse tsc msr pae mce cx8 apic sep mtrr pge mca cmov pat pse36 clflush mmx fxsr sse sse2 ht syscall nx mmxext fxsr_opt pdpe1gb rdtscp lm constant_tsc rep_good nopl nonstop_tsc cpuid extd_apicid aperfmperf rapl pni pclmulqdq monitor ssse3 fma cx16 sse4_1 sse4_2 movbe popcnt aes xsave avx f16c rdrand lahf_lm cmp_legacy svm extapic cr8_legacy abm sse4a misalignsse 3dnowprefetch osvw ibs skinit wdt tce topoext perfctr_core perfctr_nb bpext perfctr_llc mwaitx cpb cat_l3 cdp_l3 hw_pstate ssbd mba ibrs ibpb stibp vmmcall fsgsbase bmi1 avx2 smep bmi2 erms invpcid cqm rdt_a rdseed adx smap clflushopt clwb sha_ni xsaveopt xsavec xgetbv1 xsaves cqm_llc cqm_occup_llc cqm_mbm_total cqm_mbm_local clzero irperf xsaveerptr rdpru wbnoinvd cppc arat npt lbrv svm_lock nrip_save tsc_scale vmcb_clean flushbyasid decodeassists pausefilter pfthreshold avic v_vmsave_vmload vgif v_spec_ctrl umip pku ospke vaes vpclmulqdq rdpid overflow_recov succor smca fsrm

Online cpus: 0-11
Offline cpus: 12-31
BIOS frequency limitation: 3900000
Frequency switch latency (ns): 0
Available cpu frequencies: 3900000 1700000 1400000 
Current governor: ondemand
Core performance/turbo boost: 1

Memory: 4k page, physical 32129128k(5078336k free), swap 2097148k(1951996k free)
Page Sizes: 4k

vm_info: OpenJDK 64-Bit Server VM (17.0.8.1+7-b1000.32) for linux-amd64 JRE (17.0.8.1+7-b1000.32), built on 2023-09-15 by "builduser" with gcc 10.2.1 20210130 (Red Hat 10.2.1-11)

END.
